2018-08-13 20:34:39.515 [error] <0.454.0> Supervisor 'Elixir.Logger.Supervisor' had child 'Elixir.Logger.ErrorHandler' started with 'Elixir.Logger.Watcher':start_link({error_logger,'Elixir.Logger.ErrorHandler',{true,false,500}}) at <0.459.0> exit with reason normal in context child_terminated
2018-08-13 20:34:39.540 [info] <0.31.0> Application lager started on node nonode@nohost
2018-08-13 20:34:39.544 [info] <0.31.0> Application xmerl started on node nonode@nohost
2018-08-13 20:34:39.546 [info] <0.31.0> Application jsx started on node nonode@nohost
2018-08-13 20:34:39.554 [info] <0.31.0> Application ranch started on node nonode@nohost
2018-08-13 20:34:39.555 [info] <0.31.0> Application ranch_proxy_protocol started on node nonode@nohost
2018-08-13 20:34:39.556 [info] <0.31.0> Application recon started on node nonode@nohost
2018-08-13 20:34:39.556 [info] <0.31.0> Application rabbit_common started on node nonode@nohost
2018-08-13 20:34:39.565 [info] <0.31.0> Application amqp_client started on node nonode@nohost
2018-08-13 20:34:39.565 [info] <0.31.0> Application amqp started on node nonode@nohost
2018-08-13 20:34:39.567 [info] <0.31.0> Application poolboy started on node nonode@nohost
2018-08-13 20:34:39.567 [info] <0.31.0> Application phoenix_pubsub_rabbitmq started on node nonode@nohost
2018-08-13 20:34:39.581 [info] <0.31.0> Application ex_unit started on node nonode@nohost
2018-08-13 20:34:40.013 [warning] <0.30.0> lager_error_logger_h dropped 60 messages in the last second that exceeded the limit of 50 messages/sec
2018-08-13 20:35:32.179 [error] <0.143.0> Supervisor 'Elixir.Logger.Supervisor' had child 'Elixir.Logger.ErrorHandler' started with 'Elixir.Logger.Watcher':start_link({error_logger,'Elixir.Logger.ErrorHandler',{true,false,500}}) at <0.148.0> exit with reason normal in context child_terminated
2018-08-13 20:35:32.197 [info] <0.31.0> Application lager started on node nonode@nohost
2018-08-13 20:35:32.200 [info] <0.31.0> Application xmerl started on node nonode@nohost
2018-08-13 20:35:32.203 [info] <0.31.0> Application jsx started on node nonode@nohost
2018-08-13 20:35:32.209 [info] <0.31.0> Application ranch started on node nonode@nohost
2018-08-13 20:35:32.211 [info] <0.31.0> Application ranch_proxy_protocol started on node nonode@nohost
2018-08-13 20:35:32.214 [info] <0.31.0> Application recon started on node nonode@nohost
2018-08-13 20:35:32.214 [info] <0.31.0> Application rabbit_common started on node nonode@nohost
2018-08-13 20:35:32.227 [info] <0.31.0> Application amqp_client started on node nonode@nohost
2018-08-13 20:35:32.227 [info] <0.31.0> Application amqp started on node nonode@nohost
2018-08-13 20:35:32.230 [info] <0.31.0> Application poolboy started on node nonode@nohost
2018-08-13 20:35:32.230 [info] <0.31.0> Application phoenix_pubsub_rabbitmq started on node nonode@nohost
2018-08-13 20:35:32.242 [info] <0.31.0> Application ex_unit started on node nonode@nohost
2018-08-13 20:35:55.392 [error] <0.143.0> Supervisor 'Elixir.Logger.Supervisor' had child 'Elixir.Logger.ErrorHandler' started with 'Elixir.Logger.Watcher':start_link({error_logger,'Elixir.Logger.ErrorHandler',{true,false,500}}) at <0.148.0> exit with reason normal in context child_terminated
2018-08-13 20:35:55.412 [info] <0.31.0> Application lager started on node nonode@nohost
2018-08-13 20:35:55.416 [info] <0.31.0> Application xmerl started on node nonode@nohost
2018-08-13 20:35:55.418 [info] <0.31.0> Application jsx started on node nonode@nohost
2018-08-13 20:35:55.424 [info] <0.31.0> Application ranch started on node nonode@nohost
2018-08-13 20:35:55.425 [info] <0.31.0> Application ranch_proxy_protocol started on node nonode@nohost
2018-08-13 20:35:55.427 [info] <0.31.0> Application recon started on node nonode@nohost
2018-08-13 20:35:55.427 [info] <0.31.0> Application rabbit_common started on node nonode@nohost
2018-08-13 20:35:55.434 [info] <0.31.0> Application amqp_client started on node nonode@nohost
2018-08-13 20:35:55.434 [info] <0.31.0> Application amqp started on node nonode@nohost
2018-08-13 20:35:55.435 [info] <0.31.0> Application poolboy started on node nonode@nohost
2018-08-13 20:35:55.436 [info] <0.31.0> Application phoenix_pubsub_rabbitmq started on node nonode@nohost
2018-08-13 20:35:55.448 [info] <0.31.0> Application ex_unit started on node nonode@nohost
2018-08-13 20:35:56.057 [warning] <0.30.0> lager_error_logger_h dropped 55 messages in the last second that exceeded the limit of 50 messages/sec
2018-08-13 20:37:21.934 [error] <0.143.0> Supervisor 'Elixir.Logger.Supervisor' had child 'Elixir.Logger.ErrorHandler' started with 'Elixir.Logger.Watcher':start_link({error_logger,'Elixir.Logger.ErrorHandler',{true,false,500}}) at <0.148.0> exit with reason normal in context child_terminated
2018-08-13 20:37:21.953 [info] <0.31.0> Application lager started on node nonode@nohost
2018-08-13 20:37:21.957 [info] <0.31.0> Application xmerl started on node nonode@nohost
2018-08-13 20:37:21.959 [info] <0.31.0> Application jsx started on node nonode@nohost
2018-08-13 20:37:21.966 [info] <0.31.0> Application ranch started on node nonode@nohost
2018-08-13 20:37:21.967 [info] <0.31.0> Application ranch_proxy_protocol started on node nonode@nohost
2018-08-13 20:37:21.969 [info] <0.31.0> Application recon started on node nonode@nohost
2018-08-13 20:37:21.969 [info] <0.31.0> Application rabbit_common started on node nonode@nohost
2018-08-13 20:37:21.975 [info] <0.31.0> Application amqp_client started on node nonode@nohost
2018-08-13 20:37:21.975 [info] <0.31.0> Application amqp started on node nonode@nohost
2018-08-13 20:37:21.977 [info] <0.31.0> Application poolboy started on node nonode@nohost
2018-08-13 20:37:21.977 [info] <0.31.0> Application phoenix_pubsub_rabbitmq started on node nonode@nohost
2018-08-13 20:37:21.989 [info] <0.31.0> Application ex_unit started on node nonode@nohost
